<?xml version="1.0" encoding="UTF-8"?>
<!-- Generated by org.testng.reporters.JUnitReportReporter -->
<testsuite hostname="makla" name="com.simplebank.supersimplestocks.oms.impl.SimpleOrderManagementSystemTest" tests="16" failures="0" timestamp="11 Oct 2015 09:39:28 GMT" time="0.036" errors="0">
  <testcase name="calculatePeRatio" time="0.002" classname="com.simplebank.supersimplestocks.oms.impl.SimpleOrderManagementSystemTest"/>
  <testcase name="enterNewOrderValid" time="0.001" classname="com.simplebank.supersimplestocks.oms.impl.SimpleOrderManagementSystemTest"/>
  <testcase name="executeTrade" time="0.001" classname="com.simplebank.supersimplestocks.oms.impl.SimpleOrderManagementSystemTest"/>
  <testcase name="enterNewOrderInvalidTicker" time="0.001" classname="com.simplebank.supersimplestocks.oms.impl.SimpleOrderManagementSystemTest"/>
  <testcase name="calculateDividendYield" time="0.003" classname="com.simplebank.supersimplestocks.oms.impl.SimpleOrderManagementSystemTest"/>
  <testcase name="calculatePeRatio" time="0.001" classname="com.simplebank.supersimplestocks.oms.impl.SimpleOrderManagementSystemTest"/>
  <testcase name="calculatePeRatio" time="0.001" classname="com.simplebank.supersimplestocks.oms.impl.SimpleOrderManagementSystemTest"/>
  <testcase name="calculateDividendYield" time="0.012" classname="com.simplebank.supersimplestocks.oms.impl.SimpleOrderManagementSystemTest"/>
  <testcase name="calculeDividendYieldWithoutTickerPriceMeansInfinity" time="0.001" classname="com.simplebank.supersimplestocks.oms.impl.SimpleOrderManagementSystemTest"/>
  <testcase name="calculateDividendYield" time="0.002" classname="com.simplebank.supersimplestocks.oms.impl.SimpleOrderManagementSystemTest"/>
  <testcase name="calculatePeRatio" time="0.002" classname="com.simplebank.supersimplestocks.oms.impl.SimpleOrderManagementSystemTest"/>
  <testcase name="enterNewOrderInvalidQty" time="0.001" classname="com.simplebank.supersimplestocks.oms.impl.SimpleOrderManagementSystemTest"/>
  <testcase name="enterNewOrderInvalidPrice" time="0.003" classname="com.simplebank.supersimplestocks.oms.impl.SimpleOrderManagementSystemTest"/>
  <testcase name="calculateDividendYield" time="0.002" classname="com.simplebank.supersimplestocks.oms.impl.SimpleOrderManagementSystemTest"/>
  <testcase name="calculateDividendYield" time="0.002" classname="com.simplebank.supersimplestocks.oms.impl.SimpleOrderManagementSystemTest"/>
  <testcase name="calculatePeRatio" time="0.001" classname="com.simplebank.supersimplestocks.oms.impl.SimpleOrderManagementSystemTest"/>
</testsuite> <!-- com.simplebank.supersimplestocks.oms.impl.SimpleOrderManagementSystemTest -->
